/ictstr01/home/icb/mahima.arunkumar/hiwi/2023_Arevalo_BatchCorrection/env_store/d1eac59b0bac4a90234214a3e5c321e1_/lib/python3.12/site-packages/scanpy/preprocessing/_pca.py:317: ImplicitModificationWarning: Setting element `.obsm['X_pca']` of view, initializing view as actual.
  adata.obsm[key_obsm] = X_pca
[[0.         0.03645833 0.44010417 0.36197917 0.42708333 0.38020833
  0.28645833 0.375      0.32291667 0.30208333 0.27604167 0.37760417
  0.20052083]
 [0.         0.         0.25520833 0.15885417 0.109375   0.09375
  0.04947917 0.05729167 0.04427083 0.03385417 0.03125    0.03385417
  0.01822917]
 [0.         0.         0.         0.33854167 0.53645833 0.5
  0.2421875  0.5078125  0.28645833 0.453125   0.22916667 0.3046875
  0.44270833]
 [0.         0.         0.         0.         0.45052083 0.46875
  0.29427083 0.42447917 0.40104167 0.33333333 0.32291667 0.31770833
  0.22395833]
 [0.         0.         0.         0.         0.         0.44791667
  0.41927083 0.44921875 0.3359375  0.40625    0.36458333 0.30729167
  0.3203125 ]
 [0.         0.         0.         0.         0.         0.
  0.328125   0.50520833 0.40364583 0.45572917 0.30989583 0.35026042
  0.39583333]
 [0.         0.         0.         0.         0.         0.
  0.         0.3125     0.38541667 0.28385417 0.44270833 0.34895833
  0.16145833]
 [0.         0.         0.         0.         0.         0.
  0.         0.         0.38151042 0.53255208 0.3046875  0.37239583
  0.52213542]
 [0.         0.         0.         0.         0.         0.
  0.         0.         0.         0.39322917 0.34244792 0.43359375
  0.22526042]
 [0.         0.         0.         0.         0.         0.
  0.         0.         0.         0.         0.390625   0.421875
  0.54296875]
 [0.         0.         0.         0.         0.         0.
  0.         0.         0.         0.         0.         0.40364583
  0.30989583]
 [0.         0.         0.         0.         0.         0.
  0.         0.         0.         0.         0.         0.
  0.328125  ]
 [0.         0.         0.         0.         0.         0.
  0.         0.         0.         0.         0.         0.
  0.        ]]
Processing datasets p211012CPU2OS48hw384exp033JUMP <=> p211123CPU2OS48hw384exp036JUMP
Processing datasets p210831CPU2OS48hw384exp024JUMP <=> p210914CPU2OS48hw384exp027JUMP
Processing datasets p210928CPU2OS48hw384exp030JUMP <=> p211012CPU2OS48hw384exp033JUMP
Processing datasets p210928CPU2OS48hw384exp030JUMP <=> p211123CPU2OS48hw384exp036JUMP
Processing datasets p210831CPU2OS48hw384exp024JUMP <=> p210928CPU2OS48hw384exp030JUMP
Processing datasets p210920CPU2OS48hw384exp028JUMP <=> p210928CPU2OS48hw384exp030JUMP
Processing datasets p210831CPU2OS48hw384exp024JUMP <=> p210920CPU2OS48hw384exp028JUMP
Processing datasets p210906CPU2OS48hw384exp025JUMP <=> p210920CPU2OS48hw384exp028JUMP
Processing datasets p210920CPU2OS48hw384exp028JUMP <=> p211012CPU2OS48hw384exp033JUMP
Processing datasets p210831CPU2OS48hw384exp024JUMP <=> p211012CPU2OS48hw384exp033JUMP
Processing datasets p210906CPU2OS48hw384exp025JUMP <=> p210914CPU2OS48hw384exp027JUMP
Processing datasets p210914CPU2OS48hw384exp027JUMP <=> p210928CPU2OS48hw384exp030JUMP
Processing datasets p210914CPU2OS48hw384exp027JUMP <=> p210920CPU2OS48hw384exp028JUMP
Processing datasets p210927CPU2OS48hw384exp029JUMP <=> p211102CPU2OS48hw384exp034JUMP
Processing datasets p210831CPU2OS48hw384exp024JUMP <=> p211123CPU2OS48hw384exp036JUMP
Processing datasets p210824CPU2OS48hw384exp022JUMP <=> p210831CPU2OS48hw384exp024JUMP
Processing datasets p211004CPU2OS48hw384exp031JUMP <=> p211109CPU2OS48hw384exp035JUMP
Processing datasets p210824CPU2OS48hw384exp022JUMP <=> p210914CPU2OS48hw384exp027JUMP
Processing datasets p210906CPU2OS48hw384exp025JUMP <=> p210928CPU2OS48hw384exp030JUMP
Processing datasets p211012CPU2OS48hw384exp033JUMP <=> p211109CPU2OS48hw384exp035JUMP
Processing datasets p210914CPU2OS48hw384exp027JUMP <=> p210927CPU2OS48hw384exp029JUMP
Processing datasets p210914CPU2OS48hw384exp027JUMP <=> p211012CPU2OS48hw384exp033JUMP
Processing datasets p211102CPU2OS48hw384exp034JUMP <=> p211109CPU2OS48hw384exp035JUMP
Processing datasets p210920CPU2OS48hw384exp028JUMP <=> p211004CPU2OS48hw384exp031JUMP
Processing datasets p210906CPU2OS48hw384exp025JUMP <=> p211004CPU2OS48hw384exp031JUMP
Processing datasets p210920CPU2OS48hw384exp028JUMP <=> p211123CPU2OS48hw384exp036JUMP
Processing datasets p211004CPU2OS48hw384exp031JUMP <=> p211012CPU2OS48hw384exp033JUMP
Processing datasets p211012CPU2OS48hw384exp033JUMP <=> p211102CPU2OS48hw384exp034JUMP
Processing datasets p210927CPU2OS48hw384exp029JUMP <=> p211004CPU2OS48hw384exp031JUMP
Processing datasets p210928CPU2OS48hw384exp030JUMP <=> p211004CPU2OS48hw384exp031JUMP
Processing datasets p210824CPU2OS48hw384exp022JUMP <=> p210920CPU2OS48hw384exp028JUMP
Processing datasets p210824CPU2OS48hw384exp022JUMP <=> p211109CPU2OS48hw384exp035JUMP
Processing datasets p210824CPU2OS48hw384exp022JUMP <=> p210928CPU2OS48hw384exp030JUMP
Processing datasets p210928CPU2OS48hw384exp030JUMP <=> p211109CPU2OS48hw384exp035JUMP
Processing datasets p210914CPU2OS48hw384exp027JUMP <=> p211102CPU2OS48hw384exp034JUMP
Processing datasets p210824CPU2OS48hw384exp022JUMP <=> p210906CPU2OS48hw384exp025JUMP
Processing datasets p210920CPU2OS48hw384exp028JUMP <=> p211109CPU2OS48hw384exp035JUMP
Processing datasets p210927CPU2OS48hw384exp029JUMP <=> p211109CPU2OS48hw384exp035JUMP
Processing datasets p211004CPU2OS48hw384exp031JUMP <=> p211102CPU2OS48hw384exp034JUMP
Processing datasets p210831CPU2OS48hw384exp024JUMP <=> p210906CPU2OS48hw384exp025JUMP
Processing datasets p210914CPU2OS48hw384exp027JUMP <=> p211004CPU2OS48hw384exp031JUMP
Processing datasets p210906CPU2OS48hw384exp025JUMP <=> p211012CPU2OS48hw384exp033JUMP
Processing datasets p211109CPU2OS48hw384exp035JUMP <=> p211123CPU2OS48hw384exp036JUMP
Processing datasets p210920CPU2OS48hw384exp028JUMP <=> p210927CPU2OS48hw384exp029JUMP
Processing datasets p210906CPU2OS48hw384exp025JUMP <=> p211102CPU2OS48hw384exp034JUMP
Processing datasets p210824CPU2OS48hw384exp022JUMP <=> p211004CPU2OS48hw384exp031JUMP
Processing datasets p210914CPU2OS48hw384exp027JUMP <=> p211123CPU2OS48hw384exp036JUMP
Processing datasets p210906CPU2OS48hw384exp025JUMP <=> p211109CPU2OS48hw384exp035JUMP
Processing datasets p210927CPU2OS48hw384exp029JUMP <=> p210928CPU2OS48hw384exp030JUMP
Processing datasets p211102CPU2OS48hw384exp034JUMP <=> p211123CPU2OS48hw384exp036JUMP
Processing datasets p210920CPU2OS48hw384exp028JUMP <=> p211102CPU2OS48hw384exp034JUMP
Processing datasets p210914CPU2OS48hw384exp027JUMP <=> p211109CPU2OS48hw384exp035JUMP
Processing datasets p210928CPU2OS48hw384exp030JUMP <=> p211102CPU2OS48hw384exp034JUMP
Processing datasets p210831CPU2OS48hw384exp024JUMP <=> p211109CPU2OS48hw384exp035JUMP
Processing datasets p210824CPU2OS48hw384exp022JUMP <=> p211012CPU2OS48hw384exp033JUMP
Processing datasets p210906CPU2OS48hw384exp025JUMP <=> p210927CPU2OS48hw384exp029JUMP
Processing datasets p210831CPU2OS48hw384exp024JUMP <=> p211004CPU2OS48hw384exp031JUMP
Processing datasets p210824CPU2OS48hw384exp022JUMP <=> p210927CPU2OS48hw384exp029JUMP
Processing datasets p210927CPU2OS48hw384exp029JUMP <=> p211012CPU2OS48hw384exp033JUMP
Processing datasets p210824CPU2OS48hw384exp022JUMP <=> p211102CPU2OS48hw384exp034JUMP
Processing datasets p210830CPU2OS48hw384exp023JUMP <=> p210831CPU2OS48hw384exp024JUMP
Processing datasets p210831CPU2OS48hw384exp024JUMP <=> p210927CPU2OS48hw384exp029JUMP
Processing datasets p210831CPU2OS48hw384exp024JUMP <=> p211102CPU2OS48hw384exp034JUMP
Processing datasets p211004CPU2OS48hw384exp031JUMP <=> p211123CPU2OS48hw384exp036JUMP
Processing datasets p210906CPU2OS48hw384exp025JUMP <=> p211123CPU2OS48hw384exp036JUMP
Processing datasets p210824CPU2OS48hw384exp022JUMP <=> p211123CPU2OS48hw384exp036JUMP
Processing datasets p210927CPU2OS48hw384exp029JUMP <=> p211123CPU2OS48hw384exp036JUMP
Processing datasets p210830CPU2OS48hw384exp023JUMP <=> p210906CPU2OS48hw384exp025JUMP
Processing datasets p210830CPU2OS48hw384exp023JUMP <=> p210914CPU2OS48hw384exp027JUMP
